<?xml version="1.0" encoding="UTF-8"?>
<!-- Generated by org.testng.reporters.JUnitXMLReporter -->
<testsuite ignored="0" hostname="SAURABH" failures="0" tests="2" name="FireFoxTest" time="9.564" errors="0" timestamp="2022-09-16T12:27:32 IST">
  <testcase classname="amazontestpack.Finalmobileverification" name="@BeforeMethod beforemethodpages" time="3.477">
    <failure type="org.openqa.selenium.NoSuchWindowException" message="Browsing context has been discarded
Build info: version: &amp;apos;3.141.59&amp;apos;, revision: &amp;apos;e82be7d358&amp;apos;, time: &amp;apos;2018-11-14T08:17:03&amp;apos;
System info: host: &amp;apos;SAURABH&amp;apos;, ip: &amp;apos;192.168.28.28&amp;apos;, os.name: &amp;apos;Windows 8.1&amp;apos;, os.arch: &amp;apos;amd64&amp;apos;, os.version: &amp;apos;6.3&amp;apos;, java.version: &amp;apos;18.0.1.1&amp;apos;
Driver info: org.openqa.selenium.firefox.FirefoxDriver
Capabilities {acceptInsecureCerts: true, browserName: firefox, browserVersion: 104.0.2, javascriptEnabled: true, moz:accessibilityChecks: false, moz:buildID: 20220902153754, moz:geckodriverVersion: 0.31.0, moz:headless: false, moz:platformVersion: 6.3, moz:processID: 2504, moz:profile: C:\Users\SAURAB~1\AppData\L..., moz:shutdownTimeout: 60000, moz:useNonSpecCompliantPointerOrigin: false, moz:webdriverClick: true, moz:windowless: false, pageLoadStrategy: normal, platform: WINDOWS, platformName: WINDOWS, proxy: Proxy(), setWindowRect: true, strictFileInteractability: false, timeouts: {implicit: 0, pageLoad: 300000, script: 30000}, unhandledPromptBehavior: dismiss and notify}
Session ID: 69327b9b-d344-455c-8486-248b0b26ef81
*** Element info: {Using=xpath, value=//input[@id=&amp;apos;twotabsearchtextbox&amp;apos;]}">
      <![CDATA[org.openqa.selenium.NoSuchWindowException: Browsing context has been discarded
Build info: version: '3.141.59', revision: 'e82be7d358', time: '2018-11-14T08:17:03'
System info: host: 'SAURABH', ip: '192.168.28.28', os.name: 'Windows 8.1', os.arch: 'amd64', os.version: '6.3', java.version: '18.0.1.1'
Driver info: org.openqa.selenium.firefox.FirefoxDriver
Capabilities {acceptInsecureCerts: true, browserName: firefox, browserVersion: 104.0.2, javascriptEnabled: true, moz:accessibilityChecks: false, moz:buildID: 20220902153754, moz:geckodriverVersion: 0.31.0, moz:headless: false, moz:platformVersion: 6.3, moz:processID: 2504, moz:profile: C:\Users\SAURAB~1\AppData\L..., moz:shutdownTimeout: 60000, moz:useNonSpecCompliantPointerOrigin: false, moz:webdriverClick: true, moz:windowless: false, pageLoadStrategy: normal, platform: WINDOWS, platformName: WINDOWS, proxy: Proxy(), setWindowRect: true, strictFileInteractability: false, timeouts: {implicit: 0, pageLoad: 300000, script: 30000}, unhandledPromptBehavior: dismiss and notify}
Session ID: 69327b9b-d344-455c-8486-248b0b26ef81
*** Element info: {Using=xpath, value=//input[@id='twotabsearchtextbox']}
at org.openqa.selenium.remote.http.W3CHttpResponseCodec.createException(W3CHttpResponseCodec.java:187)
at org.openqa.selenium.remote.http.W3CHttpResponseCodec.decode(W3CHttpResponseCodec.java:122)
at org.openqa.selenium.remote.http.W3CHttpResponseCodec.decode(W3CHttpResponseCodec.java:49)
at org.openqa.selenium.remote.HttpCommandExecutor.execute(HttpCommandExecutor.java:158)
at org.openqa.selenium.remote.service.DriverCommandExecutor.execute(DriverCommandExecutor.java:83)
at org.openqa.selenium.remote.RemoteWebDriver.execute(RemoteWebDriver.java:552)
at org.openqa.selenium.remote.RemoteWebDriver.findElement(RemoteWebDriver.java:323)
at org.openqa.selenium.remote.RemoteWebDriver.findElementByXPath(RemoteWebDriver.java:428)
at org.openqa.selenium.By$ByXPath.findElement(By.java:353)
at org.openqa.selenium.remote.RemoteWebDriver.findElement(RemoteWebDriver.java:315)
at org.openqa.selenium.support.pagefactory.DefaultElementLocator.findElement(DefaultElementLocator.java:69)
at org.openqa.selenium.support.pagefactory.internal.LocatingElementHandler.invoke(LocatingElementHandler.java:38)
at jdk.proxy2/jdk.proxy2.$Proxy17.sendKeys(Unknown Source)
at Amazon.Searchbox.searchbox(Searchbox.java:31)
at amazontestpack.Finalmobileverification.beforemethodpages(Finalmobileverification.java:66)
at java.base/java.util.ArrayList.forEach(ArrayList.java:1511)
... Removed 32 stack frames]]>
    </failure>
  </testcase> <!-- @BeforeMethod beforemethodpages -->
  <testcase classname="amazontestpack.Finalmobileverification" name="@AfterMethod Logoutfromapplication" time="-1.66331145236E9">
    <skipped/>
  </testcase> <!-- @AfterMethod Logoutfromapplication -->
  <testcase classname="amazontestpack.Finalmobileverification" name="@BeforeMethod beforemethodpages" time="-1.663311452366E9">
    <skipped/>
  </testcase> <!-- @BeforeMethod beforemethodpages -->
  <testcase classname="amazontestpack.Finalmobileverification" name="@AfterMethod Logoutfromapplication" time="-1.663311452388E9">
    <skipped/>
  </testcase> <!-- @AfterMethod Logoutfromapplication -->
  <testcase classname="amazontestpack.Finalmobileverification" name="@AfterClass CleanPOMObjects" time="-1.663311452392E9">
    <skipped/>
  </testcase> <!-- @AfterClass CleanPOMObjects -->
  <testcase classname="amazontestpack.Finalmobileverification" name="@AfterTest closeBrowser" time="-1.663311452399E9">
    <skipped/>
  </testcase> <!-- @AfterTest closeBrowser -->
  <testcase classname="amazontestpack.Finalmobileverification" name="VerifySamsungStoreFunctionality" time="0.0">
    <skipped/>
  </testcase> <!-- VerifySamsungStoreFunctionality -->
  <testcase classname="amazontestpack.Finalmobileverification" name="Verifysamsungm13AddtocartFunctionality" time="0.0">
    <skipped/>
  </testcase> <!-- Verifysamsungm13AddtocartFunctionality -->
</testsuite> <!-- FireFoxTest -->
