<?xml version="1.0" encoding="UTF-8"?>
<!-- Generated by org.testng.reporters.JUnitXMLReporter -->
<testsuite ignored="0" hostname="SAURABH" failures="0" tests="2" name="FirefoxTest" time="42.161" errors="0" timestamp="2022-09-19T10:55:09 IST">
  <testcase classname="amazontestpack.SecondVerifivationmobile" name="VerifySamsungStoreFunctionality" time="6.798"/>
  <testcase classname="amazontestpack.Finalmobileverification" name="Verifysamsungm13AddtocartFunctionality" time="3.036"/>
</testsuite> <!-- FirefoxTest -->
