<?xml version="1.0" encoding="UTF-8"?>
<!-- Generated by org.testng.reporters.JUnitXMLReporter -->
<testsuite ignored="0" hostname="SAURABH" failures="0" tests="4" name="ChromeTest" time="40.338" errors="0" timestamp="2022-09-21T10:58:05 IST">
  <testcase classname="temptestpack.VerifyRoomspage" name="verifyContactToHelpCenterButton" time="2.008"/>
  <testcase classname="temptestpack.VerifysearchButtonOnDeveloperspage" name="verifySearchButtonFunction" time="2.331"/>
  <testcase classname="temptestpack.VerifyRoomspage" name="verifyGoBackToMessangerButton" time="2.862"/>
  <testcase classname="temptestpack.VerifysearchButtonOnDeveloperspage" name="verifyprivacyandpolicy" time="11.651"/>
</testsuite> <!-- ChromeTest -->
