<?xml version="1.0" encoding="UTF-8"?>
<!-- Generated by org.testng.reporters.JUnitXMLReporter -->
<testsuite ignored="0" hostname="SAURABH" failures="0" tests="4" name="FirefoxTest" time="68.653" errors="0" timestamp="2022-09-21T10:59:14 IST">
  <testcase classname="temptestpack.VerifyRoomspage" name="verifyContactToHelpCenterButton" time="3.485"/>
  <testcase classname="temptestpack.VerifyRoomspage" name="verifyGoBackToMessangerButton" time="2.074"/>
  <testcase classname="temptestpack.VerifysearchButtonOnDeveloperspage" name="verifySearchButtonFunction" time="4.006"/>
  <testcase classname="temptestpack.VerifysearchButtonOnDeveloperspage" name="verifyprivacyandpolicy" time="8.287"/>
</testsuite> <!-- FirefoxTest -->
