<?xml version="1.0" encoding="UTF-8"?>
<!-- Generated by org.testng.reporters.JUnitXMLReporter -->
<testsuite ignored="0" hostname="SAURABH" failures="0" tests="4" name="FirefoxTest" time="228.349" errors="0" timestamp="2022-09-26T16:55:07 IST">
  <testcase classname="temptestpack.VerifyRoomspage" name="verifyContactToHelpCenterButton" time="16.89"/>
  <testcase classname="temptestpack.VerifyRoomspage" name="verifyGoBackToMessangerButton" time="3.91"/>
  <testcase classname="temptestpack.VerifysearchButtonOnDeveloperspage" name="verifySearchButtonFunction" time="9.075"/>
  <testcase classname="temptestpack.VerifysearchButtonOnDeveloperspage" name="verifyprivacyandpolicy" time="23.252"/>
</testsuite> <!-- FirefoxTest -->
