<?xml version="1.0" encoding="UTF-8"?>
<!-- Generated by org.testng.reporters.JUnitXMLReporter -->
<testsuite ignored="0" hostname="SAURABH" failures="0" tests="4" name="Test" time="61.555" errors="0" timestamp="2022-09-13T10:12:12 IST">
  <testcase classname="temptestpack.VerifyRoomspage" name="verifyContactToHelpCenterButton" time="4.257"/>
  <testcase classname="temptestpack.VerifyRoomspage" name="verifyGoBackToMessangerButton" time="1.566"/>
  <testcase classname="temptestpack.VerifysearchButtonOnDeveloperspage" name="verifySearchButtonFunction" time="2.163"/>
  <testcase classname="temptestpack.VerifysearchButtonOnDeveloperspage" name="verifyprivacyandpolicy" time="9.414"/>
</testsuite> <!-- Test -->
