<?xml version="1.0" encoding="UTF-8"?>
<testng-results ignored="0" total="8" passed="8" failed="0" skipped="0">
  <reporter-output>
  </reporter-output>
  <suite started-at="2022-09-21T10:57:25 IST" name="Suitefb" finished-at="2022-09-21T10:59:14 IST" duration-ms="109060">
    <groups>
    </groups>
    <test started-at="2022-09-21T10:57:25 IST" name="ChromeTest" finished-at="2022-09-21T10:58:05 IST" duration-ms="40338">
      <class name="temptestpack.VerifyRoomspage">
        <test-method is-config="true" signature="launchBrowser(java.lang.String)[pri:0, instance:temptestpack.VerifyRoomspage@a514af7]" started-at="2022-09-21T10:57:25 IST" name="launchBrowser" finished-at="2022-09-21T10:57:27 IST" duration-ms="2463" status="PASS">
          <params>
            <param index="0">
              <value>
                <![CDATA[Chrome]]>
              </value>
            </param>
          </params>
          <reporter-output>
          </reporter-output>
        </test-method> <!-- launchBrowser -->
        <test-method is-config="true" signature="createPOMObjects()[pri:0, instance:temptestpack.VerifyRoomspage@a514af7]" started-at="2022-09-21T10:57:30 IST" name="createPOMObjects" finished-at="2022-09-21T10:57:30 IST" duration-ms="53" status="PASS">
          <reporter-output>
          </reporter-output>
        </test-method> <!-- createPOMObjects -->
        <test-method is-config="true" signature="openRoomspage()[pri:0, instance:temptestpack.VerifyRoomspage@a514af7]" started-at="2022-09-21T10:57:30 IST" name="openRoomspage" finished-at="2022-09-21T10:57:38 IST" duration-ms="7690" status="PASS">
          <reporter-output>
          </reporter-output>
        </test-method> <!-- openRoomspage -->
        <test-method signature="verifyContactToHelpCenterButton()[pri:0, instance:temptestpack.VerifyRoomspage@a514af7]" started-at="2022-09-21T10:57:38 IST" name="verifyContactToHelpCenterButton" finished-at="2022-09-21T10:57:40 IST" duration-ms="2008" status="PASS">
          <reporter-output>
          </reporter-output>
        </test-method> <!-- verifyContactToHelpCenterButton -->
        <test-method is-config="true" signature="logoutFromApplication()[pri:0, instance:temptestpack.VerifyRoomspage@a514af7]" started-at="2022-09-21T10:57:40 IST" name="logoutFromApplication" finished-at="2022-09-21T10:57:40 IST" duration-ms="0" status="PASS">
          <reporter-output>
          </reporter-output>
        </test-method> <!-- logoutFromApplication -->
        <test-method is-config="true" signature="openRoomspage()[pri:0, instance:temptestpack.VerifyRoomspage@a514af7]" started-at="2022-09-21T10:57:40 IST" name="openRoomspage" finished-at="2022-09-21T10:57:45 IST" duration-ms="5416" status="PASS">
          <reporter-output>
          </reporter-output>
        </test-method> <!-- openRoomspage -->
        <test-method signature="verifyGoBackToMessangerButton()[pri:0, instance:temptestpack.VerifyRoomspage@a514af7]" started-at="2022-09-21T10:57:45 IST" name="verifyGoBackToMessangerButton" finished-at="2022-09-21T10:57:48 IST" duration-ms="2862" status="PASS">
          <reporter-output>
          </reporter-output>
        </test-method> <!-- verifyGoBackToMessangerButton -->
        <test-method is-config="true" signature="logoutFromApplication()[pri:0, instance:temptestpack.VerifyRoomspage@a514af7]" started-at="2022-09-21T10:57:48 IST" name="logoutFromApplication" finished-at="2022-09-21T10:57:48 IST" duration-ms="1" status="PASS">
          <reporter-output>
          </reporter-output>
        </test-method> <!-- logoutFromApplication -->
        <test-method is-config="true" signature="CleanPOMObjects()[pri:0, instance:temptestpack.VerifyRoomspage@a514af7]" started-at="2022-09-21T10:57:48 IST" name="CleanPOMObjects" finished-at="2022-09-21T10:57:48 IST" duration-ms="1" status="PASS">
          <reporter-output>
          </reporter-output>
        </test-method> <!-- CleanPOMObjects -->
        <test-method is-config="true" signature="closeBrowser()[pri:0, instance:temptestpack.VerifyRoomspage@a514af7]" started-at="2022-09-21T10:58:04 IST" name="closeBrowser" finished-at="2022-09-21T10:58:05 IST" duration-ms="1410" status="PASS">
          <reporter-output>
          </reporter-output>
        </test-method> <!-- closeBrowser -->
      </class> <!-- temptestpack.VerifyRoomspage -->
      <class name="temptestpack.VerifysearchButtonOnDeveloperspage">
        <test-method is-config="true" signature="launchBrowser(java.lang.String)[pri:0, instance:temptestpack.VerifysearchButtonOnDeveloperspage@6379eb]" started-at="2022-09-21T10:57:27 IST" name="launchBrowser" finished-at="2022-09-21T10:57:30 IST" duration-ms="2789" status="PASS">
          <params>
            <param index="0">
              <value>
                <![CDATA[Chrome]]>
              </value>
            </param>
          </params>
          <reporter-output>
          </reporter-output>
        </test-method> <!-- launchBrowser -->
        <test-method is-config="true" signature="createPOMObjects()[pri:0, instance:temptestpack.VerifysearchButtonOnDeveloperspage@6379eb]" started-at="2022-09-21T10:57:30 IST" name="createPOMObjects" finished-at="2022-09-21T10:57:30 IST" duration-ms="51" status="PASS">
          <reporter-output>
          </reporter-output>
        </test-method> <!-- createPOMObjects -->
        <test-method is-config="true" signature="OpenDeveloprspage()[pri:0, instance:temptestpack.VerifysearchButtonOnDeveloperspage@6379eb]" started-at="2022-09-21T10:57:30 IST" name="OpenDeveloprspage" finished-at="2022-09-21T10:57:44 IST" duration-ms="13352" status="PASS">
          <reporter-output>
          </reporter-output>
        </test-method> <!-- OpenDeveloprspage -->
        <test-method signature="verifySearchButtonFunction()[pri:0, instance:temptestpack.VerifysearchButtonOnDeveloperspage@6379eb]" started-at="2022-09-21T10:57:44 IST" name="verifySearchButtonFunction" finished-at="2022-09-21T10:57:46 IST" duration-ms="2331" status="PASS">
          <reporter-output>
          </reporter-output>
        </test-method> <!-- verifySearchButtonFunction -->
        <test-method is-config="true" signature="logoutFromApplication()[pri:0, instance:temptestpack.VerifysearchButtonOnDeveloperspage@6379eb]" started-at="2022-09-21T10:57:46 IST" name="logoutFromApplication" finished-at="2022-09-21T10:57:46 IST" duration-ms="0" status="PASS">
          <reporter-output>
          </reporter-output>
        </test-method> <!-- logoutFromApplication -->
        <test-method is-config="true" signature="OpenDeveloprspage()[pri:0, instance:temptestpack.VerifysearchButtonOnDeveloperspage@6379eb]" started-at="2022-09-21T10:57:46 IST" name="OpenDeveloprspage" finished-at="2022-09-21T10:57:52 IST" duration-ms="6040" status="PASS">
          <reporter-output>
          </reporter-output>
        </test-method> <!-- OpenDeveloprspage -->
        <test-method signature="verifyprivacyandpolicy()[pri:0, instance:temptestpack.VerifysearchButtonOnDeveloperspage@6379eb]" started-at="2022-09-21T10:57:52 IST" name="verifyprivacyandpolicy" finished-at="2022-09-21T10:58:04 IST" duration-ms="11651" status="PASS">
          <reporter-output>
          </reporter-output>
        </test-method> <!-- verifyprivacyandpolicy -->
        <test-method is-config="true" signature="logoutFromApplication()[pri:0, instance:temptestpack.VerifysearchButtonOnDeveloperspage@6379eb]" started-at="2022-09-21T10:58:04 IST" name="logoutFromApplication" finished-at="2022-09-21T10:58:04 IST" duration-ms="3" status="PASS">
          <reporter-output>
          </reporter-output>
        </test-method> <!-- logoutFromApplication -->
        <test-method is-config="true" signature="cleanPOMObjects()[pri:0, instance:temptestpack.VerifysearchButtonOnDeveloperspage@6379eb]" started-at="2022-09-21T10:58:04 IST" name="cleanPOMObjects" finished-at="2022-09-21T10:58:04 IST" duration-ms="1" status="PASS">
          <reporter-output>
          </reporter-output>
        </test-method> <!-- cleanPOMObjects -->
        <test-method is-config="true" signature="closedBrowser()[pri:0, instance:temptestpack.VerifysearchButtonOnDeveloperspage@6379eb]" started-at="2022-09-21T10:58:05 IST" name="closedBrowser" finished-at="2022-09-21T10:58:05 IST" duration-ms="187" status="PASS">
          <reporter-output>
          </reporter-output>
        </test-method> <!-- closedBrowser -->
      </class> <!-- temptestpack.VerifysearchButtonOnDeveloperspage -->
    </test> <!-- ChromeTest -->
    <test started-at="2022-09-21T10:58:05 IST" name="FirefoxTest" finished-at="2022-09-21T10:59:14 IST" duration-ms="68653">
      <class name="temptestpack.VerifysearchButtonOnDeveloperspage">
        <test-method is-config="true" signature="launchBrowser(java.lang.String)[pri:0, instance:temptestpack.VerifysearchButtonOnDeveloperspage@6cf0e0ba]" started-at="2022-09-21T10:58:16 IST" name="launchBrowser" finished-at="2022-09-21T10:58:26 IST" duration-ms="10093" status="PASS">
          <params>
            <param index="0">
              <value>
                <![CDATA[FireFox]]>
              </value>
            </param>
          </params>
          <reporter-output>
          </reporter-output>
        </test-method> <!-- launchBrowser -->
        <test-method is-config="true" signature="createPOMObjects()[pri:0, instance:temptestpack.VerifysearchButtonOnDeveloperspage@6cf0e0ba]" started-at="2022-09-21T10:58:26 IST" name="createPOMObjects" finished-at="2022-09-21T10:58:26 IST" duration-ms="3" status="PASS">
          <reporter-output>
          </reporter-output>
        </test-method> <!-- createPOMObjects -->
        <test-method is-config="true" signature="OpenDeveloprspage()[pri:0, instance:temptestpack.VerifysearchButtonOnDeveloperspage@6cf0e0ba]" started-at="2022-09-21T10:58:26 IST" name="OpenDeveloprspage" finished-at="2022-09-21T10:58:50 IST" duration-ms="24729" status="PASS">
          <reporter-output>
          </reporter-output>
        </test-method> <!-- OpenDeveloprspage -->
        <test-method signature="verifySearchButtonFunction()[pri:0, instance:temptestpack.VerifysearchButtonOnDeveloperspage@6cf0e0ba]" started-at="2022-09-21T10:58:50 IST" name="verifySearchButtonFunction" finished-at="2022-09-21T10:58:54 IST" duration-ms="4006" status="PASS">
          <reporter-output>
          </reporter-output>
        </test-method> <!-- verifySearchButtonFunction -->
        <test-method is-config="true" signature="logoutFromApplication()[pri:0, instance:temptestpack.VerifysearchButtonOnDeveloperspage@6cf0e0ba]" started-at="2022-09-21T10:58:54 IST" name="logoutFromApplication" finished-at="2022-09-21T10:58:54 IST" duration-ms="0" status="PASS">
          <reporter-output>
          </reporter-output>
        </test-method> <!-- logoutFromApplication -->
        <test-method is-config="true" signature="OpenDeveloprspage()[pri:0, instance:temptestpack.VerifysearchButtonOnDeveloperspage@6cf0e0ba]" started-at="2022-09-21T10:58:54 IST" name="OpenDeveloprspage" finished-at="2022-09-21T10:59:01 IST" duration-ms="6150" status="PASS">
          <reporter-output>
          </reporter-output>
        </test-method> <!-- OpenDeveloprspage -->
        <test-method signature="verifyprivacyandpolicy()[pri:0, instance:temptestpack.VerifysearchButtonOnDeveloperspage@6cf0e0ba]" started-at="2022-09-21T10:59:01 IST" name="verifyprivacyandpolicy" finished-at="2022-09-21T10:59:09 IST" duration-ms="8287" status="PASS">
          <reporter-output>
          </reporter-output>
        </test-method> <!-- verifyprivacyandpolicy -->
        <test-method is-config="true" signature="logoutFromApplication()[pri:0, instance:temptestpack.VerifysearchButtonOnDeveloperspage@6cf0e0ba]" started-at="2022-09-21T10:59:09 IST" name="logoutFromApplication" finished-at="2022-09-21T10:59:09 IST" duration-ms="0" status="PASS">
          <reporter-output>
          </reporter-output>
        </test-method> <!-- logoutFromApplication -->
        <test-method is-config="true" signature="cleanPOMObjects()[pri:0, instance:temptestpack.VerifysearchButtonOnDeveloperspage@6cf0e0ba]" started-at="2022-09-21T10:59:09 IST" name="cleanPOMObjects" finished-at="2022-09-21T10:59:09 IST" duration-ms="1" status="PASS">
          <reporter-output>
          </reporter-output>
        </test-method> <!-- cleanPOMObjects -->
        <test-method is-config="true" signature="closedBrowser()[pri:0, instance:temptestpack.VerifysearchButtonOnDeveloperspage@6cf0e0ba]" started-at="2022-09-21T10:59:11 IST" name="closedBrowser" finished-at="2022-09-21T10:59:14 IST" duration-ms="3161" status="PASS">
          <reporter-output>
          </reporter-output>
        </test-method> <!-- closedBrowser -->
      </class> <!-- temptestpack.VerifysearchButtonOnDeveloperspage -->
      <class name="temptestpack.VerifyRoomspage">
        <test-method is-config="true" signature="launchBrowser(java.lang.String)[pri:0, instance:temptestpack.VerifyRoomspage@4f83df68]" started-at="2022-09-21T10:58:05 IST" name="launchBrowser" finished-at="2022-09-21T10:58:16 IST" duration-ms="10352" status="PASS">
          <params>
            <param index="0">
              <value>
                <![CDATA[FireFox]]>
              </value>
            </param>
          </params>
          <reporter-output>
          </reporter-output>
        </test-method> <!-- launchBrowser -->
        <test-method is-config="true" signature="createPOMObjects()[pri:0, instance:temptestpack.VerifyRoomspage@4f83df68]" started-at="2022-09-21T10:58:26 IST" name="createPOMObjects" finished-at="2022-09-21T10:58:26 IST" duration-ms="4" status="PASS">
          <reporter-output>
          </reporter-output>
        </test-method> <!-- createPOMObjects -->
        <test-method is-config="true" signature="openRoomspage()[pri:0, instance:temptestpack.VerifyRoomspage@4f83df68]" started-at="2022-09-21T10:58:26 IST" name="openRoomspage" finished-at="2022-09-21T10:58:40 IST" duration-ms="14372" status="PASS">
          <reporter-output>
          </reporter-output>
        </test-method> <!-- openRoomspage -->
        <test-method signature="verifyContactToHelpCenterButton()[pri:0, instance:temptestpack.VerifyRoomspage@4f83df68]" started-at="2022-09-21T10:58:40 IST" name="verifyContactToHelpCenterButton" finished-at="2022-09-21T10:58:44 IST" duration-ms="3485" status="PASS">
          <reporter-output>
          </reporter-output>
        </test-method> <!-- verifyContactToHelpCenterButton -->
        <test-method is-config="true" signature="logoutFromApplication()[pri:0, instance:temptestpack.VerifyRoomspage@4f83df68]" started-at="2022-09-21T10:58:44 IST" name="logoutFromApplication" finished-at="2022-09-21T10:58:44 IST" duration-ms="1" status="PASS">
          <reporter-output>
          </reporter-output>
        </test-method> <!-- logoutFromApplication -->
        <test-method is-config="true" signature="openRoomspage()[pri:0, instance:temptestpack.VerifyRoomspage@4f83df68]" started-at="2022-09-21T10:58:44 IST" name="openRoomspage" finished-at="2022-09-21T10:58:48 IST" duration-ms="4737" status="PASS">
          <reporter-output>
          </reporter-output>
        </test-method> <!-- openRoomspage -->
        <test-method signature="verifyGoBackToMessangerButton()[pri:0, instance:temptestpack.VerifyRoomspage@4f83df68]" started-at="2022-09-21T10:58:48 IST" name="verifyGoBackToMessangerButton" finished-at="2022-09-21T10:58:50 IST" duration-ms="2074" status="PASS">
          <reporter-output>
          </reporter-output>
        </test-method> <!-- verifyGoBackToMessangerButton -->
        <test-method is-config="true" signature="logoutFromApplication()[pri:0, instance:temptestpack.VerifyRoomspage@4f83df68]" started-at="2022-09-21T10:58:50 IST" name="logoutFromApplication" finished-at="2022-09-21T10:58:50 IST" duration-ms="1" status="PASS">
          <reporter-output>
          </reporter-output>
        </test-method> <!-- logoutFromApplication -->
        <test-method is-config="true" signature="CleanPOMObjects()[pri:0, instance:temptestpack.VerifyRoomspage@4f83df68]" started-at="2022-09-21T10:58:50 IST" name="CleanPOMObjects" finished-at="2022-09-21T10:58:50 IST" duration-ms="1" status="PASS">
          <reporter-output>
          </reporter-output>
        </test-method> <!-- CleanPOMObjects -->
        <test-method is-config="true" signature="closeBrowser()[pri:0, instance:temptestpack.VerifyRoomspage@4f83df68]" started-at="2022-09-21T10:59:09 IST" name="closeBrowser" finished-at="2022-09-21T10:59:11 IST" duration-ms="1831" status="PASS">
          <reporter-output>
          </reporter-output>
        </test-method> <!-- closeBrowser -->
      </class> <!-- temptestpack.VerifyRoomspage -->
    </test> <!-- FirefoxTest -->
  </suite> <!-- Suitefb -->
</testng-results>
