<?xml version="1.0" encoding="UTF-8"?>
<testng-results ignored="0" total="4" passed="4" failed="0" skipped="0">
  <reporter-output>
  </reporter-output>
  <suite started-at="2022-10-10T09:31:16 IST" name="Suitefb" finished-at="2022-10-10T09:33:38 IST" duration-ms="141995">
    <groups>
    </groups>
    <test started-at="2022-10-10T09:31:16 IST" name="ChromeTest" finished-at="2022-10-10T09:32:30 IST" duration-ms="73711">
      <class name="temptestpack.VerifyRoomspage">
        <test-method is-config="true" signature="launchBrowser(java.lang.String)[pri:0, instance:temptestpack.VerifyRoomspage@6572421]" started-at="2022-10-10T09:31:16 IST" name="launchBrowser" finished-at="2022-10-10T09:31:19 IST" duration-ms="3121" status="PASS">
          <params>
            <param index="0">
              <value>
                <![CDATA[Chrome]]>
              </value>
            </param>
          </params>
          <reporter-output>
          </reporter-output>
        </test-method> <!-- launchBrowser -->
        <test-method is-config="true" signature="createPOMObjects()[pri:0, instance:temptestpack.VerifyRoomspage@6572421]" started-at="2022-10-10T09:31:19 IST" name="createPOMObjects" finished-at="2022-10-10T09:31:19 IST" duration-ms="44" status="PASS">
          <reporter-output>
          </reporter-output>
        </test-method> <!-- createPOMObjects -->
        <test-method is-config="true" signature="openRoomspage()[pri:0, instance:temptestpack.VerifyRoomspage@6572421]" started-at="2022-10-10T09:31:19 IST" name="openRoomspage" finished-at="2022-10-10T09:32:00 IST" duration-ms="40553" status="PASS">
          <reporter-output>
          </reporter-output>
        </test-method> <!-- openRoomspage -->
        <test-method signature="verifyContactToHelpCenterButton()[pri:0, instance:temptestpack.VerifyRoomspage@6572421]" started-at="2022-10-10T09:32:00 IST" name="verifyContactToHelpCenterButton" finished-at="2022-10-10T09:32:22 IST" duration-ms="22164" status="PASS">
          <reporter-output>
          </reporter-output>
        </test-method> <!-- verifyContactToHelpCenterButton -->
        <test-method is-config="true" signature="logoutFromApplication()[pri:0, instance:temptestpack.VerifyRoomspage@6572421]" started-at="2022-10-10T09:32:22 IST" name="logoutFromApplication" finished-at="2022-10-10T09:32:22 IST" duration-ms="1" status="PASS">
          <reporter-output>
          </reporter-output>
        </test-method> <!-- logoutFromApplication -->
        <test-method is-config="true" signature="openRoomspage()[pri:0, instance:temptestpack.VerifyRoomspage@6572421]" started-at="2022-10-10T09:32:22 IST" name="openRoomspage" finished-at="2022-10-10T09:32:28 IST" duration-ms="5557" status="PASS">
          <reporter-output>
          </reporter-output>
        </test-method> <!-- openRoomspage -->
        <test-method signature="verifyGoBackToMessangerButton()[pri:0, instance:temptestpack.VerifyRoomspage@6572421]" started-at="2022-10-10T09:32:28 IST" name="verifyGoBackToMessangerButton" finished-at="2022-10-10T09:32:29 IST" duration-ms="1860" status="PASS">
          <reporter-output>
          </reporter-output>
        </test-method> <!-- verifyGoBackToMessangerButton -->
        <test-method is-config="true" signature="logoutFromApplication()[pri:0, instance:temptestpack.VerifyRoomspage@6572421]" started-at="2022-10-10T09:32:29 IST" name="logoutFromApplication" finished-at="2022-10-10T09:32:29 IST" duration-ms="1" status="PASS">
          <reporter-output>
          </reporter-output>
        </test-method> <!-- logoutFromApplication -->
        <test-method is-config="true" signature="CleanPOMObjects()[pri:0, instance:temptestpack.VerifyRoomspage@6572421]" started-at="2022-10-10T09:32:29 IST" name="CleanPOMObjects" finished-at="2022-10-10T09:32:29 IST" duration-ms="0" status="PASS">
          <reporter-output>
          </reporter-output>
        </test-method> <!-- CleanPOMObjects -->
        <test-method is-config="true" signature="closeBrowser()[pri:0, instance:temptestpack.VerifyRoomspage@6572421]" started-at="2022-10-10T09:32:29 IST" name="closeBrowser" finished-at="2022-10-10T09:32:30 IST" duration-ms="293" status="PASS">
          <reporter-output>
          </reporter-output>
        </test-method> <!-- closeBrowser -->
      </class> <!-- temptestpack.VerifyRoomspage -->
    </test> <!-- ChromeTest -->
    <test started-at="2022-10-10T09:32:30 IST" name="FirefoxTest" finished-at="2022-10-10T09:33:38 IST" duration-ms="68017">
      <class name="temptestpack.VerifyRoomspage">
        <test-method is-config="true" signature="launchBrowser(java.lang.String)[pri:0, instance:temptestpack.VerifyRoomspage@35d019a3]" started-at="2022-10-10T09:32:30 IST" name="launchBrowser" finished-at="2022-10-10T09:32:48 IST" duration-ms="17930" status="PASS">
          <params>
            <param index="0">
              <value>
                <![CDATA[FireFox]]>
              </value>
            </param>
          </params>
          <reporter-output>
          </reporter-output>
        </test-method> <!-- launchBrowser -->
        <test-method is-config="true" signature="createPOMObjects()[pri:0, instance:temptestpack.VerifyRoomspage@35d019a3]" started-at="2022-10-10T09:32:48 IST" name="createPOMObjects" finished-at="2022-10-10T09:32:48 IST" duration-ms="2" status="PASS">
          <reporter-output>
          </reporter-output>
        </test-method> <!-- createPOMObjects -->
        <test-method is-config="true" signature="openRoomspage()[pri:0, instance:temptestpack.VerifyRoomspage@35d019a3]" started-at="2022-10-10T09:32:48 IST" name="openRoomspage" finished-at="2022-10-10T09:33:20 IST" duration-ms="31684" status="PASS">
          <reporter-output>
          </reporter-output>
        </test-method> <!-- openRoomspage -->
        <test-method signature="verifyContactToHelpCenterButton()[pri:0, instance:temptestpack.VerifyRoomspage@35d019a3]" started-at="2022-10-10T09:33:20 IST" name="verifyContactToHelpCenterButton" finished-at="2022-10-10T09:33:31 IST" duration-ms="11793" status="PASS">
          <reporter-output>
          </reporter-output>
        </test-method> <!-- verifyContactToHelpCenterButton -->
        <test-method is-config="true" signature="logoutFromApplication()[pri:0, instance:temptestpack.VerifyRoomspage@35d019a3]" started-at="2022-10-10T09:33:31 IST" name="logoutFromApplication" finished-at="2022-10-10T09:33:31 IST" duration-ms="1" status="PASS">
          <reporter-output>
          </reporter-output>
        </test-method> <!-- logoutFromApplication -->
        <test-method is-config="true" signature="openRoomspage()[pri:0, instance:temptestpack.VerifyRoomspage@35d019a3]" started-at="2022-10-10T09:33:31 IST" name="openRoomspage" finished-at="2022-10-10T09:33:34 IST" duration-ms="2825" status="PASS">
          <reporter-output>
          </reporter-output>
        </test-method> <!-- openRoomspage -->
        <test-method signature="verifyGoBackToMessangerButton()[pri:0, instance:temptestpack.VerifyRoomspage@35d019a3]" started-at="2022-10-10T09:33:34 IST" name="verifyGoBackToMessangerButton" finished-at="2022-10-10T09:33:36 IST" duration-ms="1572" status="PASS">
          <reporter-output>
          </reporter-output>
        </test-method> <!-- verifyGoBackToMessangerButton -->
        <test-method is-config="true" signature="logoutFromApplication()[pri:0, instance:temptestpack.VerifyRoomspage@35d019a3]" started-at="2022-10-10T09:33:36 IST" name="logoutFromApplication" finished-at="2022-10-10T09:33:36 IST" duration-ms="3" status="PASS">
          <reporter-output>
          </reporter-output>
        </test-method> <!-- logoutFromApplication -->
        <test-method is-config="true" signature="CleanPOMObjects()[pri:0, instance:temptestpack.VerifyRoomspage@35d019a3]" started-at="2022-10-10T09:33:36 IST" name="CleanPOMObjects" finished-at="2022-10-10T09:33:36 IST" duration-ms="0" status="PASS">
          <reporter-output>
          </reporter-output>
        </test-method> <!-- CleanPOMObjects -->
        <test-method is-config="true" signature="closeBrowser()[pri:0, instance:temptestpack.VerifyRoomspage@35d019a3]" started-at="2022-10-10T09:33:36 IST" name="closeBrowser" finished-at="2022-10-10T09:33:38 IST" duration-ms="2194" status="PASS">
          <reporter-output>
          </reporter-output>
        </test-method> <!-- closeBrowser -->
      </class> <!-- temptestpack.VerifyRoomspage -->
    </test> <!-- FirefoxTest -->
  </suite> <!-- Suitefb -->
</testng-results>
