<?xml version="1.0" encoding="UTF-8"?>
<!-- Generated by org.testng.reporters.JUnitXMLReporter -->
<testsuite ignored="0" hostname="SAURABH" failures="1" tests="2" name="ChromeTest" time="31.586" errors="0" timestamp="2022-09-16T15:58:41 IST">
  <testcase classname="amazontestpack.Finalmobileverification" name="VerifySamsungStoreFunctionality" time="0.498">
    <failure type="java.lang.IndexOutOfBoundsException" message="Index 2 out of bounds for length 2">
      <![CDATA[java.lang.IndexOutOfBoundsException: Index 2 out of bounds for length 2
at java.base/jdk.internal.util.Preconditions.outOfBounds(Preconditions.java:100)
at java.base/jdk.internal.util.Preconditions.outOfBoundsCheckIndex(Preconditions.java:106)
at java.base/jdk.internal.util.Preconditions.checkIndex(Preconditions.java:302)
at java.base/java.util.Objects.checkIndex(Objects.java:359)
at java.base/java.util.ArrayList.get(ArrayList.java:427)
at amazontestpack.Finalmobileverification.VerifySamsungStoreFunctionality(Finalmobileverification.java:85)
at java.base/java.util.ArrayList.forEach(ArrayList.java:1511)
... Removed 25 stack frames]]>
    </failure>
  </testcase> <!-- VerifySamsungStoreFunctionality -->
  <testcase classname="amazontestpack.Finalmobileverification" name="Verifysamsungm13AddtocartFunctionality" time="6.807"/>
</testsuite> <!-- ChromeTest -->
